<?xml version="1.0" encoding="UTF-8"?>
<!-- Generated by org.testng.reporters.JUnitReportReporter -->
<testsuite hostname="MacBook-Pro.local" failures="0" tests="5" name="RestassuredTests.Demo6_BasicValidations_XML" time="5.222" errors="0" timestamp="2022-04-04T17:01:06 GMT-07:00" skipped="0">
  <testcase classname="RestassuredTests.Demo6_BasicValidations_XML" name="testSingleContent" time="3.242"/>
  <system-out/>
  <testcase classname="RestassuredTests.Demo6_BasicValidations_XML" name="testMultipleContents" time="0.553"/>
  <system-out/>
  <testcase classname="RestassuredTests.Demo6_BasicValidations_XML" name="testMultipleContentsinOneGo" time="0.472"/>
  <system-out/>
  <testcase classname="RestassuredTests.Demo6_BasicValidations_XML" name="testUsingXPath1" time="0.537"/>
  <system-out/>
  <testcase classname="RestassuredTests.Demo6_BasicValidations_XML" name="testUsingXPath2" time="0.418"/>
  <system-out/>
</testsuite> <!-- RestassuredTests.Demo6_BasicValidations_XML -->
